TN:
SF:src\app.js
FN:52,(anonymous_0)
FN:54,(anonymous_1)
FN:59,(anonymous_2)
FN:62,(anonymous_3)
FN:79,(anonymous_4)
FNF:5
FNH:0
FNDA:0,(anonymous_0)
FNDA:0,(anonymous_1)
FNDA:0,(anonymous_2)
FNDA:0,(anonymous_3)
FNDA:0,(anonymous_4)
DA:3,0
DA:4,0
DA:5,0
DA:6,0
DA:7,0
DA:8,0
DA:10,0
DA:11,0
DA:12,0
DA:13,0
DA:14,0
DA:15,0
DA:16,0
DA:18,0
DA:23,0
DA:26,0
DA:35,0
DA:39,0
DA:40,0
DA:41,0
DA:46,0
DA:49,0
DA:52,0
DA:55,0
DA:56,0
DA:57,0
DA:60,0
DA:63,0
DA:68,0
DA:72,0
DA:79,0
DA:80,0
DA:87,0
DA:91,0
DA:93,0
LF:35
LH:0
BRDA:52,0,0,0
BRDA:52,0,1,0
BRDA:55,1,0,0
BRDA:55,1,1,0
BRDA:55,2,0,0
BRDA:55,2,1,0
BRDA:56,3,0,0
BRDA:56,3,1,0
BRF:8
BRH:0
end_of_record
TN:
SF:src\config\constants.js
FNF:0
FNH:0
DA:8,0
DA:24,0
DA:33,0
DA:39,0
DA:54,0
DA:60,0
DA:73,0
DA:90,0
DA:94,0
DA:109,0
LF:10
LH:0
BRF:0
BRH:0
end_of_record
TN:
SF:src\controllers\applicationController.js
FN:11,detectDocumentType
FN:37,extractReferenceNumberFromZipPath
FN:44,(anonymous_2)
FN:63,listApplications
FN:90,(anonymous_4)
FN:101,getApplication
FN:122,importFromExcel
FN:179,(anonymous_7)
FN:212,(anonymous_8)
FN:213,(anonymous_9)
FN:220,getImportBatch
FN:241,overrideVerdict
FN:279,importZip
FN:356,evaluateApplication
FN:364,(anonymous_14)
FNF:15
FNH:0
FNDA:0,detectDocumentType
FNDA:0,extractReferenceNumberFromZipPath
FNDA:0,(anonymous_2)
FNDA:0,listApplications
FNDA:0,(anonymous_4)
FNDA:0,getApplication
FNDA:0,importFromExcel
FNDA:0,(anonymous_7)
FNDA:0,(anonymous_8)
FNDA:0,(anonymous_9)
FNDA:0,getImportBatch
FNDA:0,overrideVerdict
FNDA:0,importZip
FNDA:0,evaluateApplication
FNDA:0,(anonymous_14)
DA:3,0
DA:4,0
DA:5,0
DA:6,0
DA:7,0
DA:8,0
DA:9,0
DA:12,0
DA:13,0
DA:15,0
DA:16,0
DA:18,0
DA:19,0
DA:21,0
DA:22,0
DA:24,0
DA:25,0
DA:27,0
DA:28,0
DA:30,0
DA:31,0
DA:34,0
DA:38,0
DA:40,0
DA:41,0
DA:44,0
DA:49,0
DA:50,0
DA:53,0
DA:54,0
DA:55,0
DA:56,0
DA:60,0
DA:64,0
DA:65,0
DA:66,0
DA:67,0
DA:68,0
DA:69,0
DA:70,0
DA:72,0
DA:73,0
DA:75,0
DA:76,0
DA:78,0
DA:85,0
DA:90,0
DA:92,0
DA:97,0
DA:102,0
DA:103,0
DA:105,0
DA:114,0
DA:116,0
DA:118,0
DA:123,0
DA:124,0
DA:125,0
DA:127,0
DA:128,0
DA:130,0
DA:131,0
DA:133,0
DA:134,0
DA:136,0
DA:137,0
DA:139,0
DA:143,0
DA:144,0
DA:145,0
DA:147,0
DA:148,0
DA:149,0
DA:150,0
DA:157,0
DA:160,0
DA:172,0
DA:173,0
DA:176,0
DA:177,0
DA:178,0
DA:179,0
DA:190,0
DA:192,0
DA:197,0
DA:207,0
DA:209,0
DA:212,0
DA:213,0
DA:216,0
DA:221,0
DA:222,0
DA:224,0
DA:233,0
DA:235,0
DA:237,0
DA:242,0
DA:243,0
DA:244,0
DA:246,0
DA:251,0
DA:253,0
DA:254,0
DA:256,0
DA:258,0
DA:263,0
DA:267,0
DA:268,0
DA:270,0
DA:272,0
DA:276,0
DA:277,0
DA:280,0
DA:281,0
DA:282,0
DA:284,0
DA:285,0
DA:287,0
DA:288,0
DA:289,0
DA:291,0
DA:293,0
DA:294,0
DA:295,0
DA:297,0
DA:298,0
DA:300,0
DA:301,0
DA:302,0
DA:305,0
DA:306,0
DA:307,0
DA:308,0
DA:311,0
DA:312,0
DA:313,0
DA:316,0
DA:319,0
DA:320,0
DA:321,0
DA:333,0
DA:337,0
DA:348,0
DA:350,0
DA:354,0
DA:357,0
DA:358,0
DA:360,0
DA:361,0
DA:362,0
DA:364,0
DA:365,0
DA:368,0
DA:370,0
DA:374,0
LF:155
LH:0
BRDA:12,0,0,0
BRDA:12,0,1,0
BRDA:13,1,0,0
BRDA:13,1,1,0
BRDA:15,2,0,0
BRDA:15,2,1,0
BRDA:15,3,0,0
BRDA:15,3,1,0
BRDA:18,4,0,0
BRDA:18,4,1,0
BRDA:18,5,0,0
BRDA:18,5,1,0
BRDA:21,6,0,0
BRDA:21,6,1,0
BRDA:21,7,0,0
BRDA:21,7,1,0
BRDA:21,7,2,0
BRDA:24,8,0,0
BRDA:24,8,1,0
BRDA:24,9,0,0
BRDA:24,9,1,0
BRDA:24,9,2,0
BRDA:24,9,3,0
BRDA:27,10,0,0
BRDA:27,10,1,0
BRDA:27,11,0,0
BRDA:27,11,1,0
BRDA:27,11,2,0
BRDA:30,12,0,0
BRDA:30,12,1,0
BRDA:37,13,0,0
BRDA:40,14,0,0
BRDA:40,14,1,0
BRDA:49,15,0,0
BRDA:49,15,1,0
BRDA:55,16,0,0
BRDA:55,16,1,0
BRDA:66,17,0,0
BRDA:66,17,1,0
BRDA:67,18,0,0
BRDA:67,18,1,0
BRDA:73,19,0,0
BRDA:73,19,1,0
BRDA:76,20,0,0
BRDA:76,20,1,0
BRDA:79,21,0,0
BRDA:79,21,1,0
BRDA:90,22,0,0
BRDA:90,22,1,0
BRDA:114,23,0,0
BRDA:114,23,1,0
BRDA:125,24,0,0
BRDA:125,24,1,0
BRDA:128,25,0,0
BRDA:128,25,1,0
BRDA:134,26,0,0
BRDA:134,26,1,0
BRDA:149,27,0,0
BRDA:149,27,1,0
BRDA:177,28,0,0
BRDA:177,28,1,0
BRDA:185,29,0,0
BRDA:185,29,1,0
BRDA:190,30,0,0
BRDA:190,30,1,0
BRDA:190,31,0,0
BRDA:190,31,1,0
BRDA:233,32,0,0
BRDA:233,32,1,0
BRDA:251,33,0,0
BRDA:251,33,1,0
BRDA:254,34,0,0
BRDA:254,34,1,0
BRDA:282,35,0,0
BRDA:282,35,1,0
BRDA:285,36,0,0
BRDA:285,36,1,0
BRDA:300,37,0,0
BRDA:300,37,1,0
BRDA:306,38,0,0
BRDA:306,38,1,0
BRDA:312,39,0,0
BRDA:312,39,1,0
BRDA:320,40,0,0
BRDA:320,40,1,0
BRDA:324,41,0,0
BRDA:324,41,1,0
BRDA:327,42,0,0
BRDA:327,42,1,0
BRDA:361,43,0,0
BRDA:361,43,1,0
BRDA:362,44,0,0
BRDA:362,44,1,0
BRF:93
BRH:0
end_of_record
TN:
SF:src\controllers\authController.js
FN:29,register
FN:110,login
FN:192,refresh
FN:269,logout
FN:303,getProfile
FNF:5
FNH:0
FNDA:0,register
FNDA:0,login
FNDA:0,refresh
FNDA:0,logout
FNDA:0,getProfile
DA:3,0
DA:4,0
DA:5,0
DA:6,0
DA:7,0
DA:8,0
DA:9,0
DA:10,0
DA:19,0
DA:30,0
DA:31,0
DA:34,0
DA:38,0
DA:39,0
DA:43,0
DA:46,0
DA:65,0
DA:66,0
DA:69,0
DA:70,0
DA:72,0
DA:81,0
DA:89,0
DA:95,0
DA:97,0
DA:103,0
DA:111,0
DA:112,0
DA:115,0
DA:119,0
DA:120,0
DA:123,0
DA:124,0
DA:128,0
DA:130,0
DA:131,0
DA:132,0
DA:136,0
DA:137,0
DA:140,0
DA:145,0
DA:146,0
DA:148,0
DA:157,0
DA:163,0
DA:171,0
DA:173,0
DA:185,0
DA:193,0
DA:196,0
DA:198,0
DA:199,0
DA:203,0
DA:206,0
DA:211,0
DA:212,0
DA:215,0
DA:216,0
DA:219,0
DA:220,0
DA:224,0
DA:230,0
DA:231,0
DA:232,0
DA:235,0
DA:236,0
DA:238,0
DA:247,0
DA:255,0
DA:257,0
DA:262,0
DA:270,0
DA:272,0
DA:274,0
DA:275,0
DA:282,0
DA:283,0
DA:288,0
DA:292,0
DA:294,0
DA:296,0
DA:304,0
DA:305,0
DA:319,0
DA:320,0
DA:323,0
DA:325,0
DA:329,0
LF:88
LH:0
BRDA:38,0,0,0
BRDA:38,0,1,0
BRDA:119,1,0,0
BRDA:119,1,1,0
BRDA:123,2,0,0
BRDA:123,2,1,0
BRDA:130,3,0,0
BRDA:130,3,1,0
BRDA:196,4,0,0
BRDA:196,4,1,0
BRDA:198,5,0,0
BRDA:198,5,1,0
BRDA:211,6,0,0
BRDA:211,6,1,0
BRDA:211,7,0,0
BRDA:211,7,1,0
BRDA:215,8,0,0
BRDA:215,8,1,0
BRDA:219,9,0,0
BRDA:219,9,1,0
BRDA:272,10,0,0
BRDA:272,10,1,0
BRDA:274,11,0,0
BRDA:274,11,1,0
BRDA:282,12,0,0
BRDA:282,12,1,0
BRDA:319,13,0,0
BRDA:319,13,1,0
BRF:28
BRH:0
end_of_record
TN:
SF:src\controllers\documentController.js
FN:16,getDocumentUrl
FNF:1
FNH:0
FNDA:0,getDocumentUrl
DA:3,0
DA:4,0
DA:5,0
DA:6,0
DA:7,0
DA:17,0
DA:18,0
DA:20,0
DA:29,0
DA:30,0
DA:34,0
DA:37,0
DA:45,0
DA:47,0
DA:57,0
DA:61,0
LF:16
LH:0
BRDA:29,0,0,0
BRDA:29,0,1,0
BRF:2
BRH:0
end_of_record
TN:
SF:src\controllers\jobController.js
FN:18,createJob
FN:58,listJobs
FN:112,getJob
FN:145,updateJob
FN:186,lockChecklist
FN:251,getChecklistVersions
FNF:6
FNH:0
FNDA:0,createJob
FNDA:0,listJobs
FNDA:0,getJob
FNDA:0,updateJob
FNDA:0,lockChecklist
FNDA:0,getChecklistVersions
DA:3,0
DA:4,0
DA:5,0
DA:6,0
DA:19,0
DA:20,0
DA:23,0
DA:27,0
DA:28,0
DA:31,0
DA:41,0
DA:47,0
DA:49,0
DA:51,0
DA:59,0
DA:60,0
DA:61,0
DA:62,0
DA:63,0
DA:64,0
DA:66,0
DA:67,0
DA:68,0
DA:70,0
DA:71,0
DA:77,0
DA:95,0
DA:105,0
DA:113,0
DA:114,0
DA:116,0
DA:132,0
DA:133,0
DA:136,0
DA:138,0
DA:146,0
DA:147,0
DA:148,0
DA:150,0
DA:154,0
DA:155,0
DA:159,0
DA:160,0
DA:163,0
DA:168,0
DA:174,0
DA:176,0
DA:187,0
DA:188,0
DA:189,0
DA:191,0
DA:195,0
DA:196,0
DA:199,0
DA:200,0
DA:203,0
DA:206,0
DA:227,0
DA:234,0
DA:239,0
DA:244,0
DA:252,0
DA:253,0
DA:255,0
DA:259,0
DA:260,0
DA:263,0
DA:268,0
DA:270,0
DA:274,0
LF:70
LH:0
BRDA:27,0,0,0
BRDA:27,0,1,0
BRDA:35,1,0,0
BRDA:35,1,1,0
BRDA:60,2,0,0
BRDA:60,2,1,0
BRDA:61,3,0,0
BRDA:61,3,1,0
BRDA:67,4,0,0
BRDA:67,4,1,0
BRDA:70,5,0,0
BRDA:70,5,1,0
BRDA:132,6,0,0
BRDA:132,6,1,0
BRDA:154,7,0,0
BRDA:154,7,1,0
BRDA:159,8,0,0
BRDA:159,8,1,0
BRDA:195,9,0,0
BRDA:195,9,1,0
BRDA:199,10,0,0
BRDA:199,10,1,0
BRDA:259,11,0,0
BRDA:259,11,1,0
BRF:24
BRH:0
end_of_record
TN:
SF:src\lib\prisma.js
FN:12,(anonymous_0)
FN:28,(anonymous_1)
FNF:2
FNH:0
FNDA:0,(anonymous_0)
FNDA:0,(anonymous_1)
DA:3,0
DA:4,0
DA:12,0
DA:13,0
DA:22,0
DA:24,0
DA:27,0
DA:28,0
DA:29,0
DA:30,0
DA:35,0
DA:36,0
DA:39,0
LF:13
LH:0
BRDA:24,0,0,0
BRDA:24,0,1,0
BRDA:27,1,0,0
BRDA:27,1,1,0
BRDA:29,2,0,0
BRDA:29,2,1,0
BRDA:35,3,0,0
BRDA:35,3,1,0
BRF:8
BRH:0
end_of_record
TN:
SF:src\middleware\auditLogger.js
FN:20,auditLoggerMiddleware
FN:26,(anonymous_1)
FN:61,logAuditEvent
FNF:3
FNH:0
FNDA:0,auditLoggerMiddleware
FNDA:0,(anonymous_1)
FNDA:0,logAuditEvent
DA:18,0
DA:21,0
DA:24,0
DA:26,0
DA:27,0
DA:29,0
DA:43,0
DA:44,0
DA:45,0
DA:46,0
DA:48,0
DA:51,0
DA:54,0
DA:62,0
DA:73,0
LF:15
LH:0
BRDA:36,0,0,0
BRDA:36,0,1,0
BRDA:37,1,0,0
BRDA:37,1,1,0
BRDA:43,2,0,0
BRDA:43,2,1,0
BRDA:45,3,0,0
BRDA:45,3,1,0
BRF:8
BRH:0
end_of_record
TN:
SF:src\middleware\auth.js
FN:22,authenticate
FN:69,optionalAuth
FN:101,generateAccessToken
FN:122,generateRefreshToken
FN:140,verifyRefreshToken
FNF:5
FNH:0
FNDA:0,authenticate
FNDA:0,optionalAuth
FNDA:0,generateAccessToken
FNDA:0,generateRefreshToken
FNDA:0,verifyRefreshToken
DA:3,0
DA:4,0
DA:5,0
DA:6,0
DA:7,0
DA:23,0
DA:25,0
DA:26,0
DA:29,0
DA:30,0
DA:33,0
DA:35,0
DA:36,0
DA:39,0
DA:40,0
DA:44,0
DA:52,0
DA:54,0
DA:55,0
DA:57,0
DA:58,0
DA:60,0
DA:61,0
DA:70,0
DA:72,0
DA:73,0
DA:74,0
DA:77,0
DA:79,0
DA:80,0
DA:84,0
DA:92,0
DA:95,0
DA:102,0
DA:123,0
DA:141,0
DA:142,0
DA:146,0
DA:150,0
LF:39
LH:0
BRDA:25,0,0,0
BRDA:25,0,1,0
BRDA:29,1,0,0
BRDA:29,1,1,0
BRDA:35,2,0,0
BRDA:35,2,1,0
BRDA:54,3,0,0
BRDA:54,3,1,0
BRDA:57,4,0,0
BRDA:57,4,1,0
BRDA:72,5,0,0
BRDA:72,5,1,0
BRDA:72,6,0,0
BRDA:72,6,1,0
BRF:14
BRH:0
end_of_record
TN:
SF:src\middleware\errorHandler.js
FN:14,errorHandler
FN:72,(anonymous_1)
FNF:2
FNH:0
FNDA:0,errorHandler
FNDA:0,(anonymous_1)
DA:3,0
DA:4,0
DA:16,0
DA:17,0
DA:18,0
DA:27,0
DA:28,0
DA:37,0
DA:38,0
DA:46,0
DA:47,0
DA:56,0
DA:57,0
DA:58,0
DA:60,0
DA:63,0
DA:67,0
DA:68,0
DA:72,0
DA:82,0
DA:83,0
DA:92,0
DA:93,0
DA:104,0
DA:112,0
LF:25
LH:0
BRDA:16,0,0,0
BRDA:16,0,1,0
BRDA:21,1,0,0
BRDA:21,1,1,0
BRDA:27,2,0,0
BRDA:27,2,1,0
BRDA:31,3,0,0
BRDA:31,3,1,0
BRDA:37,4,0,0
BRDA:37,4,1,0
BRDA:46,5,0,0
BRDA:46,5,1,0
BRDA:56,6,0,0
BRDA:56,6,1,0
BRDA:56,7,0,0
BRDA:56,7,1,0
BRDA:57,8,0,0
BRDA:57,8,1,0
BRDA:67,9,0,0
BRDA:67,9,1,0
BRDA:82,10,0,0
BRDA:82,10,1,0
BRDA:92,11,0,0
BRDA:92,11,1,0
BRF:24
BRH:0
end_of_record
TN:
SF:src\middleware\rateLimiter.js
FN:11,createRateLimiter
FN:13,(anonymous_1)
FN:21,(anonymous_2)
FN:36,createAuthRateLimiter
FN:38,(anonymous_4)
FN:46,(anonymous_5)
FNF:6
FNH:0
FNDA:0,createRateLimiter
FNDA:0,(anonymous_1)
FNDA:0,(anonymous_2)
FNDA:0,createAuthRateLimiter
FNDA:0,(anonymous_4)
FNDA:0,(anonymous_5)
DA:3,0
DA:4,0
DA:12,0
DA:13,0
DA:16,0
DA:22,0
DA:37,0
DA:38,0
DA:41,0
DA:47,0
DA:57,0
LF:11
LH:0
BRDA:12,0,0,0
BRDA:12,0,1,0
BRDA:17,1,0,0
BRDA:17,1,1,0
BRDA:18,2,0,0
BRDA:18,2,1,0
BRDA:37,3,0,0
BRDA:37,3,1,0
BRF:8
BRH:0
end_of_record
TN:
SF:src\middleware\rbac.js
FN:21,requireRole
FN:22,(anonymous_1)
FN:45,requireOwnerOrRole
FN:46,(anonymous_3)
FNF:4
FNH:0
FNDA:0,requireRole
FNDA:0,(anonymous_1)
FNDA:0,requireOwnerOrRole
FNDA:0,(anonymous_3)
DA:3,0
DA:22,0
DA:23,0
DA:24,0
DA:27,0
DA:28,0
DA:35,0
DA:46,0
DA:47,0
DA:48,0
DA:51,0
DA:54,0
DA:55,0
DA:59,0
DA:60,0
DA:63,0
DA:67,0
LF:17
LH:0
BRDA:23,0,0,0
BRDA:23,0,1,0
BRDA:27,1,0,0
BRDA:27,1,1,0
BRDA:47,2,0,0
BRDA:47,2,1,0
BRDA:54,3,0,0
BRDA:54,3,1,0
BRDA:59,4,0,0
BRDA:59,4,1,0
BRF:10
BRH:0
end_of_record
TN:
SF:src\middleware\requestId.js
FN:11,requestIdMiddleware
FNF:1
FNH:0
FNDA:0,requestIdMiddleware
DA:3,0
DA:4,0
DA:12,0
DA:14,0
DA:15,0
DA:16,0
DA:18,0
DA:20,0
DA:23,0
LF:9
LH:0
BRDA:12,0,0,0
BRDA:12,0,1,0
BRF:2
BRH:0
end_of_record
TN:
SF:src\middleware\validation.js
FN:21,validate
FN:22,(anonymous_1)
FN:26,(anonymous_2)
FN:45,validateMultiple
FN:46,(anonymous_4)
FN:52,(anonymous_5)
FN:74,validateParams
FN:81,validateQuery
FNF:8
FNH:0
FNDA:0,validate
FNDA:0,(anonymous_1)
FNDA:0,(anonymous_2)
FNDA:0,validateMultiple
FNDA:0,(anonymous_4)
FNDA:0,(anonymous_5)
FNDA:0,validateParams
FNDA:0,validateQuery
DA:3,0
DA:22,0
DA:23,0
DA:25,0
DA:26,0
DA:32,0
DA:36,0
DA:37,0
DA:46,0
DA:47,0
DA:49,0
DA:50,0
DA:51,0
DA:52,0
DA:57,0
DA:59,0
DA:63,0
DA:64,0
DA:67,0
DA:75,0
DA:82,0
DA:85,0
LF:22
LH:0
BRDA:21,0,0,0
BRDA:25,1,0,0
BRDA:25,1,1,0
BRDA:51,2,0,0
BRDA:51,2,1,0
BRDA:63,3,0,0
BRDA:63,3,1,0
BRF:7
BRH:0
end_of_record
TN:
SF:src\routes\applications.js
FN:23,(anonymous_0)
FN:67,(anonymous_1)
FNF:2
FNH:0
FNDA:0,(anonymous_0)
FNDA:0,(anonymous_1)
DA:3,0
DA:4,0
DA:5,0
DA:6,0
DA:7,0
DA:8,0
DA:9,0
DA:15,0
DA:17,0
DA:20,0
DA:24,0
DA:29,0
DA:30,0
DA:32,0
DA:45,0
DA:54,0
DA:64,0
DA:68,0
DA:69,0
DA:71,0
DA:77,0
DA:87,0
DA:95,0
DA:105,0
DA:114,0
DA:121,0
LF:26
LH:0
BRDA:29,0,0,0
BRDA:29,0,1,0
BRDA:29,1,0,0
BRDA:29,1,1,0
BRDA:68,2,0,0
BRDA:68,2,1,0
BRDA:68,3,0,0
BRDA:68,3,1,0
BRF:8
BRH:0
end_of_record
TN:
SF:src\routes\auth.js
FNF:0
FNH:0
DA:3,0
DA:4,0
DA:5,0
DA:6,0
DA:7,0
DA:8,0
DA:10,0
DA:11,0
DA:20,0
DA:28,0
DA:36,0
DA:42,0
DA:49,0
DA:55,0
LF:14
LH:0
BRF:0
BRH:0
end_of_record
TN:
SF:src\routes\documents.js
FNF:0
FNH:0
DA:3,0
DA:4,0
DA:5,0
DA:6,0
DA:7,0
DA:8,0
DA:10,0
DA:12,0
DA:17,0
DA:25,0
LF:10
LH:0
BRF:0
BRH:0
end_of_record
TN:
SF:src\routes\health.js
FN:20,(anonymous_0)
FN:59,(anonymous_1)
FNF:2
FNH:0
FNDA:0,(anonymous_0)
FNDA:0,(anonymous_1)
DA:3,0
DA:4,0
DA:5,0
DA:7,0
DA:20,0
DA:21,0
DA:30,0
DA:31,0
DA:32,0
DA:34,0
DA:35,0
DA:36,0
DA:40,0
DA:41,0
DA:42,0
DA:43,0
DA:49,0
DA:50,0
DA:59,0
DA:60,0
DA:61,0
DA:62,0
DA:64,0
DA:68,0
LF:24
LH:0
BRDA:44,0,0,0
BRDA:44,0,1,0
BRDA:49,1,0,0
BRDA:49,1,1,0
BRF:4
BRH:0
end_of_record
TN:
SF:src\routes\index.js
FN:28,(anonymous_0)
FNF:1
FNH:0
FNDA:0,(anonymous_0)
DA:3,0
DA:4,0
DA:5,0
DA:6,0
DA:7,0
DA:8,0
DA:10,0
DA:13,0
DA:16,0
DA:19,0
DA:22,0
DA:25,0
DA:28,0
DA:29,0
DA:37,0
LF:15
LH:0
BRF:0
BRH:0
end_of_record
TN:
SF:src\routes\jobs.js
FNF:0
FNH:0
DA:3,0
DA:4,0
DA:5,0
DA:6,0
DA:7,0
DA:13,0
DA:15,0
DA:25,0
DA:32,0
DA:40,0
DA:49,0
DA:59,0
DA:69,0
DA:76,0
LF:14
LH:0
BRF:0
BRH:0
end_of_record
TN:
SF:src\services\aiService.js
FN:26,(anonymous_0)
FN:36,(anonymous_1)
FN:37,(anonymous_2)
FN:70,extractChecklist
FN:90,parseFormPdf
FN:114,checkRules
FN:136,computeVerdict
FN:149,healthCheck
FNF:8
FNH:0
FNDA:0,(anonymous_0)
FNDA:0,(anonymous_1)
FNDA:0,(anonymous_2)
FNDA:0,extractChecklist
FNDA:0,parseFormPdf
FNDA:0,checkRules
FNDA:0,computeVerdict
FNDA:0,healthCheck
DA:3,0
DA:4,0
DA:5,0
DA:6,0
DA:17,0
DA:26,0
DA:28,0
DA:29,0
DA:31,0
DA:35,0
DA:36,0
DA:38,0
DA:39,0
DA:47,0
DA:53,0
DA:54,0
DA:55,0
DA:57,0
DA:71,0
DA:73,0
DA:78,0
DA:91,0
DA:93,0
DA:99,0
DA:115,0
DA:117,0
DA:125,0
DA:137,0
DA:139,0
DA:143,0
DA:150,0
DA:151,0
DA:152,0
DA:154,0
DA:158,0
LF:35
LH:0
BRDA:28,0,0,0
BRDA:28,0,1,0
BRDA:28,1,0,0
BRDA:28,1,1,0
BRDA:38,2,0,0
BRDA:38,2,1,0
BRDA:48,3,0,0
BRDA:48,3,1,0
BRDA:49,4,0,0
BRDA:49,4,1,0
BRDA:53,5,0,0
BRDA:53,5,1,0
BRDA:90,6,0,0
BRDA:114,7,0,0
BRF:14
BRH:0
end_of_record
TN:
SF:src\services\pipelineProcessor.js
FN:18,processApplication
FN:45,(anonymous_1)
FN:70,(anonymous_2)
FN:78,(anonymous_3)
FNF:4
FNH:0
FNDA:0,processApplication
FNDA:0,(anonymous_1)
FNDA:0,(anonymous_2)
FNDA:0,(anonymous_3)
DA:3,0
DA:4,0
DA:5,0
DA:6,0
DA:7,0
DA:19,0
DA:21,0
DA:22,0
DA:30,0
DA:31,0
DA:34,0
DA:35,0
DA:36,0
DA:39,0
DA:44,0
DA:45,0
DA:48,0
DA:49,0
DA:50,0
DA:51,0
DA:54,0
DA:55,0
DA:56,0
DA:64,0
DA:68,0
DA:69,0
DA:70,0
DA:77,0
DA:78,0
DA:79,0
DA:84,0
DA:85,0
DA:89,0
DA:98,0
DA:101,0
DA:106,0
DA:107,0
DA:110,0
DA:112,0
DA:120,0
DA:122,0
DA:131,0
DA:136,0
DA:142,0
DA:147,0
DA:149,0
DA:154,0
DA:158,0
LF:48
LH:0
BRDA:30,0,0,0
BRDA:30,0,1,0
BRDA:34,1,0,0
BRDA:34,1,1,0
BRDA:45,2,0,0
BRDA:45,2,1,0
BRDA:50,3,0,0
BRDA:50,3,1,0
BRDA:77,4,0,0
BRDA:77,4,1,0
BRDA:82,5,0,0
BRDA:82,5,1,0
BRDA:85,6,0,0
BRDA:85,6,1,0
BRDA:106,7,0,0
BRDA:106,7,1,0
BRDA:110,8,0,0
BRDA:110,8,1,0
BRDA:113,9,0,0
BRDA:113,9,1,0
BRDA:127,10,0,0
BRDA:127,10,1,0
BRF:22
BRH:0
end_of_record
TN:
SF:src\services\referenceNumber.js
FN:27,parse
FN:115,validateWithSeries
FN:152,validateConsistency
FN:164,(anonymous_3)
FN:165,(anonymous_4)
FN:212,extractFromFilename
FN:248,extractPostingCode
FNF:7
FNH:0
FNDA:0,parse
FNDA:0,validateWithSeries
FNDA:0,validateConsistency
FNDA:0,(anonymous_3)
FNDA:0,(anonymous_4)
FNDA:0,extractFromFilename
FNDA:0,extractPostingCode
DA:3,0
DA:4,0
DA:28,0
DA:29,0
DA:36,0
DA:37,0
DA:44,0
DA:46,0
DA:47,0
DA:54,0
DA:55,0
DA:57,0
DA:59,0
DA:61,0
DA:62,0
DA:69,0
DA:70,0
DA:78,0
DA:80,0
DA:81,0
DA:83,0
DA:84,0
DA:86,0
DA:87,0
DA:89,0
DA:90,0
DA:93,0
DA:100,0
DA:116,0
DA:117,0
DA:118,0
DA:120,0
DA:121,0
DA:129,0
DA:153,0
DA:159,0
DA:160,0
DA:163,0
DA:164,0
DA:165,0
DA:167,0
DA:168,0
DA:179,0
DA:181,0
DA:182,0
DA:185,0
DA:186,0
DA:189,0
DA:190,0
DA:191,0
DA:192,0
DA:194,0
DA:213,0
DA:214,0
DA:218,0
DA:221,0
DA:222,0
DA:223,0
DA:227,0
DA:228,0
DA:229,0
DA:233,0
DA:234,0
DA:235,0
DA:238,0
DA:249,0
DA:250,0
DA:253,0
LF:68
LH:0
BRDA:27,0,0,0
BRDA:28,1,0,0
BRDA:28,1,1,0
BRDA:28,2,0,0
BRDA:28,2,1,0
BRDA:36,3,0,0
BRDA:36,3,1,0
BRDA:46,4,0,0
BRDA:46,4,1,0
BRDA:54,5,0,0
BRDA:54,5,1,0
BRDA:57,6,0,0
BRDA:57,6,1,0
BRDA:61,7,0,0
BRDA:61,7,1,0
BRDA:69,8,0,0
BRDA:69,8,1,0
BRDA:80,9,0,0
BRDA:80,9,1,0
BRDA:83,10,0,0
BRDA:83,10,1,0
BRDA:86,11,0,0
BRDA:86,11,1,0
BRDA:89,12,0,0
BRDA:89,12,1,0
BRDA:120,13,0,0
BRDA:120,13,1,0
BRDA:154,14,0,0
BRDA:154,14,1,0
BRDA:155,15,0,0
BRDA:155,15,1,0
BRDA:156,16,0,0
BRDA:156,16,1,0
BRDA:167,17,0,0
BRDA:167,17,1,0
BRDA:181,18,0,0
BRDA:181,18,1,0
BRDA:185,19,0,0
BRDA:185,19,1,0
BRDA:213,20,0,0
BRDA:213,20,1,0
BRDA:213,21,0,0
BRDA:213,21,1,0
BRDA:222,22,0,0
BRDA:222,22,1,0
BRDA:228,23,0,0
BRDA:228,23,1,0
BRDA:234,24,0,0
BRDA:234,24,1,0
BRF:49
BRH:0
end_of_record
TN:
SF:src\services\storage.js
FN:28,getS3Client
FN:52,upload
FN:59,uploadS3
FN:79,uploadLocal
FN:109,download
FN:116,downloadS3
FN:133,downloadLocal
FN:148,deleteFile
FN:155,deleteS3
FN:166,deleteLocal
FN:183,getSignedDownloadUrl
FN:207,generateKey
FNF:12
FNH:0
FNDA:0,getS3Client
FNDA:0,upload
FNDA:0,uploadS3
FNDA:0,uploadLocal
FNDA:0,download
FNDA:0,downloadS3
FNDA:0,downloadLocal
FNDA:0,deleteFile
FNDA:0,deleteS3
FNDA:0,deleteLocal
FNDA:0,getSignedDownloadUrl
FNDA:0,generateKey
DA:3,0
DA:4,0
DA:5,0
DA:6,0
DA:7,0
DA:8,0
DA:17,0
DA:20,0
DA:21,0
DA:22,0
DA:26,0
DA:29,0
DA:30,0
DA:40,0
DA:53,0
DA:54,0
DA:56,0
DA:60,0
DA:61,0
DA:63,0
DA:74,0
DA:76,0
DA:80,0
DA:81,0
DA:83,0
DA:84,0
DA:88,0
DA:89,0
DA:90,0
DA:91,0
DA:92,0
DA:94,0
DA:97,0
DA:98,0
DA:100,0
DA:110,0
DA:111,0
DA:113,0
DA:117,0
DA:118,0
DA:125,0
DA:126,0
DA:127,0
DA:130,0
DA:134,0
DA:136,0
DA:137,0
DA:140,0
DA:149,0
DA:150,0
DA:152,0
DA:156,0
DA:157,0
DA:163,0
DA:167,0
DA:168,0
DA:169,0
DA:170,0
DA:184,0
DA:186,0
DA:187,0
DA:190,0
DA:191,0
DA:196,0
DA:208,0
DA:210,0
DA:212,0
DA:214,0
DA:216,0
DA:218,0
DA:222,0
LF:71
LH:0
BRDA:20,0,0,0
BRDA:20,0,1,0
BRDA:20,1,0,0
BRDA:20,1,1,0
BRDA:21,2,0,0
BRDA:21,2,1,0
BRDA:29,3,0,0
BRDA:29,3,1,0
BRDA:32,4,0,0
BRDA:32,4,1,0
BRDA:52,5,0,0
BRDA:53,6,0,0
BRDA:53,6,1,0
BRDA:53,7,0,0
BRDA:53,7,1,0
BRDA:83,8,0,0
BRDA:83,8,1,0
BRDA:89,9,0,0
BRDA:89,9,1,0
BRDA:89,10,0,0
BRDA:89,10,1,0
BRDA:110,11,0,0
BRDA:110,11,1,0
BRDA:110,12,0,0
BRDA:110,12,1,0
BRDA:136,13,0,0
BRDA:136,13,1,0
BRDA:149,14,0,0
BRDA:149,14,1,0
BRDA:149,15,0,0
BRDA:149,15,1,0
BRDA:168,16,0,0
BRDA:168,16,1,0
BRDA:183,17,0,0
BRDA:184,18,0,0
BRDA:184,18,1,0
BRDA:184,19,0,0
BRDA:184,19,1,0
BRDA:210,20,0,0
BRDA:210,20,1,0
BRDA:210,20,2,0
BRDA:210,20,3,0
BRF:42
BRH:0
end_of_record
TN:
SF:src\services\zipImport.js
FN:13,processZipImport
FNF:1
FNH:0
FNDA:0,processZipImport
DA:3,0
DA:4,0
DA:5,0
DA:6,0
DA:7,0
DA:8,0
DA:14,0
DA:16,0
DA:17,0
DA:18,0
DA:20,0
DA:21,0
DA:23,0
DA:24,0
DA:25,0
DA:27,0
DA:28,0
DA:29,0
DA:32,0
DA:33,0
DA:34,0
DA:36,0
DA:37,0
DA:38,0
DA:39,0
DA:40,0
DA:42,0
DA:44,0
DA:50,0
DA:59,0
DA:60,0
DA:67,0
DA:68,0
DA:71,0
DA:81,0
DA:84,0
LF:36
LH:0
BRDA:13,0,0,0
BRDA:27,1,0,0
BRDA:27,1,1,0
BRDA:27,2,0,0
BRDA:27,2,1,0
BRDA:27,2,2,0
BRDA:33,3,0,0
BRDA:33,3,1,0
BRDA:47,4,0,0
BRDA:47,4,1,0
BRF:10
BRH:0
end_of_record
TN:
SF:src\utils\errors.js
FN:12,(anonymous_0)
FN:23,(anonymous_1)
FN:35,(anonymous_2)
FN:41,(anonymous_3)
FN:47,(anonymous_4)
FN:53,(anonymous_5)
FN:62,(anonymous_6)
FN:68,(anonymous_7)
FN:74,(anonymous_8)
FN:86,(anonymous_9)
FNF:10
FNH:0
FNDA:0,(anonymous_0)
FNDA:0,(anonymous_1)
FNDA:0,(anonymous_2)
FNDA:0,(anonymous_3)
FNDA:0,(anonymous_4)
FNDA:0,(anonymous_5)
FNDA:0,(anonymous_6)
FNDA:0,(anonymous_7)
FNDA:0,(anonymous_8)
FNDA:0,(anonymous_9)
DA:3,0
DA:13,0
DA:14,0
DA:15,0
DA:16,0
DA:17,0
DA:18,0
DA:20,0
DA:24,0
DA:36,0
DA:42,0
DA:48,0
DA:54,0
DA:57,0
DA:63,0
DA:69,0
DA:75,0
DA:81,0
DA:87,0
DA:91,0
LF:20
LH:0
BRDA:12,0,0,0
BRDA:12,1,0,0
BRDA:12,2,0,0
BRDA:28,3,0,0
BRDA:28,3,1,0
BRDA:35,4,0,0
BRDA:35,5,0,0
BRDA:41,6,0,0
BRDA:47,7,0,0
BRDA:53,8,0,0
BRDA:53,9,0,0
BRDA:54,10,0,0
BRDA:54,10,1,0
BRDA:62,11,0,0
BRDA:68,12,0,0
BRDA:68,13,0,0
BRDA:74,14,0,0
BRDA:86,15,0,0
BRF:18
BRH:0
end_of_record
TN:
SF:src\utils\logger.js
FN:32,(anonymous_0)
FN:39,(anonymous_1)
FN:44,(anonymous_2)
FN:45,(anonymous_3)
FN:63,createRequestLogger
FNF:5
FNH:0
FNDA:0,(anonymous_0)
FNDA:0,(anonymous_1)
FNDA:0,(anonymous_2)
FNDA:0,(anonymous_3)
FNDA:0,createRequestLogger
DA:3,0
DA:4,0
DA:14,0
DA:15,0
DA:17,0
DA:32,0
DA:39,0
DA:44,0
DA:45,0
DA:64,0
DA:67,0
LF:11
LH:0
BRDA:18,0,0,0
BRDA:18,0,1,0
BRDA:18,1,0,0
BRDA:18,1,1,0
BRDA:19,2,0,0
BRDA:19,2,1,0
BRDA:37,3,0,0
BRDA:37,3,1,0
BRDA:49,4,0,0
BRDA:49,4,1,0
BRDA:55,5,0,0
BRDA:55,5,1,0
BRF:12
BRH:0
end_of_record
TN:
SF:src\utils\piiRedactor.js
FN:64,redactValue
FN:90,redactPii
FN:100,(anonymous_2)
FNF:3
FNH:0
FNDA:0,redactValue
FNDA:0,redactPii
FNDA:0,(anonymous_2)
DA:13,0
DA:47,0
DA:65,0
DA:66,0
DA:69,0
DA:71,0
DA:72,0
DA:75,0
DA:76,0
DA:77,0
DA:78,0
DA:80,0
DA:83,0
DA:91,0
DA:92,0
DA:95,0
DA:96,0
DA:99,0
DA:100,0
DA:103,0
DA:104,0
DA:105,0
DA:106,0
DA:108,0
DA:111,0
DA:114,0
LF:26
LH:0
BRDA:65,0,0,0
BRDA:65,0,1,0
BRDA:65,1,0,0
BRDA:65,1,1,0
BRDA:71,2,0,0
BRDA:71,2,1,0
BRDA:71,3,0,0
BRDA:71,3,1,0
BRDA:75,4,0,0
BRDA:75,4,1,0
BRDA:75,5,0,0
BRDA:75,5,1,0
BRDA:77,6,0,0
BRDA:77,6,1,0
BRDA:91,7,0,0
BRDA:91,7,1,0
BRDA:91,8,0,0
BRDA:91,8,1,0
BRDA:95,9,0,0
BRDA:95,9,1,0
BRDA:99,10,0,0
BRDA:99,10,1,0
BRDA:105,11,0,0
BRDA:105,11,1,0
BRDA:105,12,0,0
BRDA:105,12,1,0
BRDA:105,12,2,0
BRF:27
BRH:0
end_of_record
TN:
SF:src\validators\applicationSchemas.js
FNF:0
FNH:0
DA:3,0
DA:9,0
DA:13,0
DA:17,0
DA:25,0
DA:38,0
LF:6
LH:0
BRF:0
BRH:0
end_of_record
TN:
SF:src\validators\authSchemas.js
FN:14,(anonymous_0)
FN:43,(anonymous_1)
FNF:2
FNH:0
FNDA:0,(anonymous_0)
FNDA:0,(anonymous_1)
DA:3,0
DA:9,0
DA:14,0
DA:39,0
DA:43,0
DA:49,0
DA:56,0
LF:7
LH:0
BRF:0
BRH:0
end_of_record
TN:
SF:src\validators\jobSchemas.js
FNF:0
FNH:0
DA:3,0
DA:9,0
DA:27,0
DA:43,0
DA:57,0
DA:61,0
LF:6
LH:0
BRF:0
BRH:0
end_of_record
